
> saas-backend@0.0.1 start:dev
> nest start --watch

[2J[3J[H[[90m12:36:03 PM[0m] Starting compilation in watch mode...

[[90m12:36:05 PM[0m] Found 0 errors. Watching for file changes.

(node:86680) [DEP0190] DeprecationWarning: Passing args to a child process with shell option true can lead to security vulnerabilities, as the arguments are not escaped, only concatenated.
(Use `node --trace-deprecation ...` to show where the warning was created)
[32m[Nest] 86684  - [39m12/10/2025, 12:36:06 PM [32m    LOG[39m [38;5;3m[NestFactory] [39m[32mStarting Nest application...[39m
[32m[Nest] 86684  - [39m12/10/2025, 12:36:06 PM [32m    LOG[39m [38;5;3m[InstanceLoader] [39m[32mAppModule dependencies initialized[39m[38;5;3m +10ms[39m
[32m[Nest] 86684  - [39m12/10/2025, 12:36:06 PM [32m    LOG[39m [38;5;3m[InstanceLoader] [39m[32mPrismaModule dependencies initialized[39m[38;5;3m +17ms[39m
[32m[Nest] 86684  - [39m12/10/2025, 12:36:06 PM [32m    LOG[39m [38;5;3m[InstanceLoader] [39m[32mPassportModule dependencies initialized[39m[38;5;3m +0ms[39m
[32m[Nest] 86684  - [39m12/10/2025, 12:36:06 PM [32m    LOG[39m [38;5;3m[InstanceLoader] [39m[32mJwtModule dependencies initialized[39m[38;5;3m +19ms[39m
[32m[Nest] 86684  - [39m12/10/2025, 12:36:06 PM [32m    LOG[39m [38;5;3m[InstanceLoader] [39m[32mReportsModule dependencies initialized[39m[38;5;3m +1ms[39m
[32m[Nest] 86684  - [39m12/10/2025, 12:36:06 PM [32m    LOG[39m [38;5;3m[InstanceLoader] [39m[32mAuthModule dependencies initialized[39m[38;5;3m +0ms[39m
[32m[Nest] 86684  - [39m12/10/2025, 12:36:06 PM [32m    LOG[39m [38;5;3m[InstanceLoader] [39m[32mUserModule dependencies initialized[39m[38;5;3m +0ms[39m
[32m[Nest] 86684  - [39m12/10/2025, 12:36:06 PM [32m    LOG[39m [38;5;3m[InstanceLoader] [39m[32mDashboardModule dependencies initialized[39m[38;5;3m +0ms[39m
[32m[Nest] 86684  - [39m12/10/2025, 12:36:06 PM [32m    LOG[39m [38;5;3m[InstanceLoader] [39m[32mSiteSettingsModule dependencies initialized[39m[38;5;3m +0ms[39m
[32m[Nest] 86684  - [39m12/10/2025, 12:36:06 PM [32m    LOG[39m [38;5;3m[InstanceLoader] [39m[32mConnectionsModule dependencies initialized[39m[38;5;3m +0ms[39m
[32m[Nest] 86684  - [39m12/10/2025, 12:36:06 PM [32m    LOG[39m [38;5;3m[InstanceLoader] [39m[32mAssessmentModule dependencies initialized[39m[38;5;3m +0ms[39m
[32m[Nest] 86684  - [39m12/10/2025, 12:36:06 PM [32m    LOG[39m [38;5;3m[RoutesResolver] [39m[32mAuthController {/api/v1/auth}:[39m[38;5;3m +4ms[39m
[32m[Nest] 86684  - [39m12/10/2025, 12:36:06 PM [32m    LOG[39m [38;5;3m[RouterExplorer] [39m[32mMapped {/api/v1/auth/login, POST} route[39m[38;5;3m +2ms[39m
[32m[Nest] 86684  - [39m12/10/2025, 12:36:06 PM [32m    LOG[39m [38;5;3m[RouterExplorer] [39m[32mMapped {/api/v1/auth/register, POST} route[39m[38;5;3m +0ms[39m
[32m[Nest] 86684  - [39m12/10/2025, 12:36:06 PM [32m    LOG[39m [38;5;3m[RoutesResolver] [39m[32mUserController {/api/v1/users}:[39m[38;5;3m +0ms[39m
[32m[Nest] 86684  - [39m12/10/2025, 12:36:06 PM [32m    LOG[39m [38;5;3m[RouterExplorer] [39m[32mMapped {/api/v1/users/clients, GET} route[39m[38;5;3m +1ms[39m
[32m[Nest] 86684  - [39m12/10/2025, 12:36:06 PM [32m    LOG[39m [38;5;3m[RouterExplorer] [39m[32mMapped {/api/v1/users/:id/credits, POST} route[39m[38;5;3m +0ms[39m
[32m[Nest] 86684  - [39m12/10/2025, 12:36:06 PM [32m    LOG[39m [38;5;3m[RouterExplorer] [39m[32mMapped {/api/v1/users/register-client, POST} route[39m[38;5;3m +1ms[39m
[32m[Nest] 86684  - [39m12/10/2025, 12:36:06 PM [32m    LOG[39m [38;5;3m[RouterExplorer] [39m[32mMapped {/api/v1/users/:id, PUT} route[39m[38;5;3m +0ms[39m
[32m[Nest] 86684  - [39m12/10/2025, 12:36:06 PM [32m    LOG[39m [38;5;3m[RouterExplorer] [39m[32mMapped {/api/v1/users/me, GET} route[39m[38;5;3m +0ms[39m
[32m[Nest] 86684  - [39m12/10/2025, 12:36:06 PM [32m    LOG[39m [38;5;3m[RouterExplorer] [39m[32mMapped {/api/v1/users/request-credit, POST} route[39m[38;5;3m +0ms[39m
[32m[Nest] 86684  - [39m12/10/2025, 12:36:06 PM [32m    LOG[39m [38;5;3m[RoutesResolver] [39m[32mAssessmentController {/api/v1/assessments}:[39m[38;5;3m +0ms[39m
[32m[Nest] 86684  - [39m12/10/2025, 12:36:06 PM [32m    LOG[39m [38;5;3m[RouterExplorer] [39m[32mMapped {/api/v1/assessments/assignments/:id, GET} route[39m[38;5;3m +0ms[39m
[32m[Nest] 86684  - [39m12/10/2025, 12:36:06 PM [32m    LOG[39m [38;5;3m[RouterExplorer] [39m[32mMapped {/api/v1/assessments/:id/my-assignment, GET} route[39m[38;5;3m +0ms[39m
[32m[Nest] 86684  - [39m12/10/2025, 12:36:06 PM [32m    LOG[39m [38;5;3m[RouterExplorer] [39m[32mMapped {/api/v1/assessments/assignments/:id/feedback, POST} route[39m[38;5;3m +0ms[39m
[32m[Nest] 86684  - [39m12/10/2025, 12:36:06 PM [32m    LOG[39m [38;5;3m[RouterExplorer] [39m[32mMapped {/api/v1/assessments/completed, GET} route[39m[38;5;3m +0ms[39m
[32m[Nest] 86684  - [39m12/10/2025, 12:36:06 PM [32m    LOG[39m [38;5;3m[RouterExplorer] [39m[32mMapped {/api/v1/assessments/user/:userId/completed, GET} route[39m[38;5;3m +0ms[39m
[32m[Nest] 86684  - [39m12/10/2025, 12:36:06 PM [32m    LOG[39m [38;5;3m[RouterExplorer] [39m[32mMapped {/api/v1/assessments/:id, GET} route[39m[38;5;3m +1ms[39m
[32m[Nest] 86684  - [39m12/10/2025, 12:36:06 PM [32m    LOG[39m [38;5;3m[RouterExplorer] [39m[32mMapped {/api/v1/assessments, POST} route[39m[38;5;3m +0ms[39m
[32m[Nest] 86684  - [39m12/10/2025, 12:36:06 PM [32m    LOG[39m [38;5;3m[RouterExplorer] [39m[32mMapped {/api/v1/assessments/:id, PUT} route[39m[38;5;3m +0ms[39m
[32m[Nest] 86684  - [39m12/10/2025, 12:36:06 PM [32m    LOG[39m [38;5;3m[RouterExplorer] [39m[32mMapped {/api/v1/assessments/:id, DELETE} route[39m[38;5;3m +0ms[39m
[32m[Nest] 86684  - [39m12/10/2025, 12:36:06 PM [32m    LOG[39m [38;5;3m[RouterExplorer] [39m[32mMapped {/api/v1/assessments, GET} route[39m[38;5;3m +0ms[39m
[32m[Nest] 86684  - [39m12/10/2025, 12:36:06 PM [32m    LOG[39m [38;5;3m[RouterExplorer] [39m[32mMapped {/api/v1/assessments/:id/assign, POST} route[39m[38;5;3m +0ms[39m
[32m[Nest] 86684  - [39m12/10/2025, 12:36:06 PM [32m    LOG[39m [38;5;3m[RouterExplorer] [39m[32mMapped {/api/v1/assessments/:id/assignments, GET} route[39m[38;5;3m +0ms[39m
[32m[Nest] 86684  - [39m12/10/2025, 12:36:06 PM [32m    LOG[39m [38;5;3m[RouterExplorer] [39m[32mMapped {/api/v1/assessments/:id/assignments/:userId, DELETE} route[39m[38;5;3m +0ms[39m
[32m[Nest] 86684  - [39m12/10/2025, 12:36:06 PM [32m    LOG[39m [38;5;3m[RouterExplorer] [39m[32mMapped {/api/v1/assessments/:id/submit, POST} route[39m[38;5;3m +0ms[39m
[32m[Nest] 86684  - [39m12/10/2025, 12:36:06 PM [32m    LOG[39m [38;5;3m[RouterExplorer] [39m[32mMapped {/api/v1/assessments/:id/calculate-big-five, POST} route[39m[38;5;3m +0ms[39m
[32m[Nest] 86684  - [39m12/10/2025, 12:36:06 PM [32m    LOG[39m [38;5;3m[RouterExplorer] [39m[32mMapped {/api/v1/assessments/templates, GET} route[39m[38;5;3m +0ms[39m
[32m[Nest] 86684  - [39m12/10/2025, 12:36:06 PM [32m    LOG[39m [38;5;3m[RouterExplorer] [39m[32mMapped {/api/v1/assessments/templates/:id, GET} route[39m[38;5;3m +0ms[39m
[32m[Nest] 86684  - [39m12/10/2025, 12:36:06 PM [32m    LOG[39m [38;5;3m[RouterExplorer] [39m[32mMapped {/api/v1/assessments/templates/:id/clone, POST} route[39m[38;5;3m +0ms[39m
[32m[Nest] 86684  - [39m12/10/2025, 12:36:06 PM [32m    LOG[39m [38;5;3m[RoutesResolver] [39m[32mDashboardController {/api/v1/dashboard}:[39m[38;5;3m +0ms[39m
[32m[Nest] 86684  - [39m12/10/2025, 12:36:06 PM [32m    LOG[39m [38;5;3m[RouterExplorer] [39m[32mMapped {/api/v1/dashboard/stats, GET} route[39m[38;5;3m +1ms[39m
[32m[Nest] 86684  - [39m12/10/2025, 12:36:06 PM [32m    LOG[39m [38;5;3m[RoutesResolver] [39m[32mReportsController {/api/v1/reports}:[39m[38;5;3m +0ms[39m
[32m[Nest] 86684  - [39m12/10/2025, 12:36:06 PM [32m    LOG[39m [38;5;3m[RouterExplorer] [39m[32mMapped {/api/v1/reports/interpretation, GET} route[39m[38;5;3m +0ms[39m
[32m[Nest] 86684  - [39m12/10/2025, 12:36:06 PM [32m    LOG[39m [38;5;3m[RouterExplorer] [39m[32mMapped {/api/v1/reports/fit/:profileId, GET} route[39m[38;5;3m +0ms[39m
[32m[Nest] 86684  - [39m12/10/2025, 12:36:06 PM [32m    LOG[39m [38;5;3m[RouterExplorer] [39m[32mMapped {/api/v1/reports/download/:assignmentId, GET} route[39m[38;5;3m +0ms[39m
[32m[Nest] 86684  - [39m12/10/2025, 12:36:06 PM [32m    LOG[39m [38;5;3m[RoutesResolver] [39m[32mConnectionsController {/api/v1/connections}:[39m[38;5;3m +0ms[39m
[32m[Nest] 86684  - [39m12/10/2025, 12:36:06 PM [32m    LOG[39m [38;5;3m[RouterExplorer] [39m[32mMapped {/api/v1/connections/invite, POST} route[39m[38;5;3m +0ms[39m
[32m[Nest] 86684  - [39m12/10/2025, 12:36:06 PM [32m    LOG[39m [38;5;3m[RouterExplorer] [39m[32mMapped {/api/v1/connections/generate-invite, POST} route[39m[38;5;3m +0ms[39m
[32m[Nest] 86684  - [39m12/10/2025, 12:36:06 PM [32m    LOG[39m [38;5;3m[RouterExplorer] [39m[32mMapped {/api/v1/connections/validate-invite/:token, GET} route[39m[38;5;3m +0ms[39m
[32m[Nest] 86684  - [39m12/10/2025, 12:36:06 PM [32m    LOG[39m [38;5;3m[RouterExplorer] [39m[32mMapped {/api/v1/connections/join/:token, POST} route[39m[38;5;3m +0ms[39m
[32m[Nest] 86684  - [39m12/10/2025, 12:36:06 PM [32m    LOG[39m [38;5;3m[RouterExplorer] [39m[32mMapped {/api/v1/connections/pending-approvals, GET} route[39m[38;5;3m +0ms[39m
[32m[Nest] 86684  - [39m12/10/2025, 12:36:06 PM [32m    LOG[39m [38;5;3m[RouterExplorer] [39m[32mMapped {/api/v1/connections/approve/:id, POST} route[39m[38;5;3m +0ms[39m
[32m[Nest] 86684  - [39m12/10/2025, 12:36:06 PM [32m    LOG[39m [38;5;3m[RouterExplorer] [39m[32mMapped {/api/v1/connections/reject/:id, POST} route[39m[38;5;3m +0ms[39m
[32m[Nest] 86684  - [39m12/10/2025, 12:36:06 PM [32m    LOG[39m [38;5;3m[RouterExplorer] [39m[32mMapped {/api/v1/connections/admin/all, GET} route[39m[38;5;3m +0ms[39m
[32m[Nest] 86684  - [39m12/10/2025, 12:36:06 PM [32m    LOG[39m [38;5;3m[RouterExplorer] [39m[32mMapped {/api/v1/connections/admin/:id, DELETE} route[39m[38;5;3m +0ms[39m
[32m[Nest] 86684  - [39m12/10/2025, 12:36:06 PM [32m    LOG[39m [38;5;3m[RouterExplorer] [39m[32mMapped {/api/v1/connections/admin/:id/messages, GET} route[39m[38;5;3m +0ms[39m
[32m[Nest] 86684  - [39m12/10/2025, 12:36:06 PM [32m    LOG[39m [38;5;3m[RouterExplorer] [39m[32mMapped {/api/v1/connections/requests, GET} route[39m[38;5;3m +0ms[39m
[32m[Nest] 86684  - [39m12/10/2025, 12:36:06 PM [32m    LOG[39m [38;5;3m[RouterExplorer] [39m[32mMapped {/api/v1/connections, GET} route[39m[38;5;3m +0ms[39m
[32m[Nest] 86684  - [39m12/10/2025, 12:36:06 PM [32m    LOG[39m [38;5;3m[RouterExplorer] [39m[32mMapped {/api/v1/connections/:id, GET} route[39m[38;5;3m +0ms[39m
[32m[Nest] 86684  - [39m12/10/2025, 12:36:06 PM [32m    LOG[39m [38;5;3m[RouterExplorer] [39m[32mMapped {/api/v1/connections/:id/shared-content, GET} route[39m[38;5;3m +0ms[39m
[32m[Nest] 86684  - [39m12/10/2025, 12:36:06 PM [32m    LOG[39m [38;5;3m[RouterExplorer] [39m[32mMapped {/api/v1/connections/:id/messages, GET} route[39m[38;5;3m +0ms[39m
[32m[Nest] 86684  - [39m12/10/2025, 12:36:06 PM [32m    LOG[39m [38;5;3m[RouterExplorer] [39m[32mMapped {/api/v1/connections/:id/settings, PUT} route[39m[38;5;3m +0ms[39m
[32m[Nest] 86684  - [39m12/10/2025, 12:36:06 PM [32m    LOG[39m [38;5;3m[RouterExplorer] [39m[32mMapped {/api/v1/connections/:id/messages, POST} route[39m[38;5;3m +0ms[39m
[32m[Nest] 86684  - [39m12/10/2025, 12:36:06 PM [32m    LOG[39m [38;5;3m[RouterExplorer] [39m[32mMapped {/api/v1/connections/requests/:id/accept, POST} route[39m[38;5;3m +0ms[39m
[32m[Nest] 86684  - [39m12/10/2025, 12:36:06 PM [32m    LOG[39m [38;5;3m[RouterExplorer] [39m[32mMapped {/api/v1/connections/requests/:id/reject, POST} route[39m[38;5;3m +0ms[39m
[32m[Nest] 86684  - [39m12/10/2025, 12:36:06 PM [32m    LOG[39m [38;5;3m[RouterExplorer] [39m[32mMapped {/api/v1/connections/:id, DELETE} route[39m[38;5;3m +0ms[39m
[32m[Nest] 86684  - [39m12/10/2025, 12:36:06 PM [32m    LOG[39m [38;5;3m[RoutesResolver] [39m[32mSiteSettingsController {/api/v1/site-settings}:[39m[38;5;3m +0ms[39m
[32m[Nest] 86684  - [39m12/10/2025, 12:36:06 PM [32m    LOG[39m [38;5;3m[RouterExplorer] [39m[32mMapped {/api/v1/site-settings, GET} route[39m[38;5;3m +0ms[39m
[32m[Nest] 86684  - [39m12/10/2025, 12:36:06 PM [32m    LOG[39m [38;5;3m[RouterExplorer] [39m[32mMapped {/api/v1/site-settings/admin, GET} route[39m[38;5;3m +1ms[39m
[32m[Nest] 86684  - [39m12/10/2025, 12:36:06 PM [32m    LOG[39m [38;5;3m[RouterExplorer] [39m[32mMapped {/api/v1/site-settings, PUT} route[39m[38;5;3m +0ms[39m
[32m[Nest] 86684  - [39m12/10/2025, 12:36:06 PM [32m    LOG[39m [38;5;3m[RouterExplorer] [39m[32mMapped {/api/v1/site-settings/reset, POST} route[39m[38;5;3m +0ms[39m
[32m[Nest] 86684  - [39m12/10/2025, 12:36:06 PM [32m    LOG[39m [38;5;3m[NestApplication] [39m[32mNest application successfully started[39m[38;5;3m +89ms[39m
[31m[Nest] 86684  - [39m12/10/2025, 12:36:06 PM [31m  ERROR[39m [38;5;3m[NestApplication] [39m[31mError: listen EADDRINUSE: address already in use :::3000[39m[38;5;3m +2ms[39m
node:net:1940
    const ex = new UVExceptionWithHostPort(err, 'listen', address, port);
               ^

Error: listen EADDRINUSE: address already in use :::3000
    at Server.setupListenHandle [as _listen2] (node:net:1940:16)
    at listenInCluster (node:net:1997:12)
    at Server.listen (node:net:2102:7)
    at ExpressAdapter.listen (/Users/delara/Desktop/saas - project sued/backend/node_modules/@nestjs/platform-express/adapters/express-adapter.js:95:32)
    at /Users/delara/Desktop/saas - project sued/backend/node_modules/@nestjs/core/nest-application.js:183:30
    at new Promise (<anonymous>)
    at NestApplication.listen (/Users/delara/Desktop/saas - project sued/backend/node_modules/@nestjs/core/nest-application.js:173:16)
    at async bootstrap (/Users/delara/Desktop/saas - project sued/backend/src/main.ts:11:5) {
  code: 'EADDRINUSE',
  errno: -48,
  syscall: 'listen',
  address: '::',
  port: 3000
}

Node.js v24.11.1
